<?xml version="1.0" encoding="UTF-8"?>
<!-- Generated by org.testng.reporters.JUnitReportReporter -->
<testsuite skipped="0" hostname="DESKTOP-VG7FOF4" name="com.sampleProject.Scripts.FlightTest" tests="1" failures="0" timestamp="2023-03-13T07:15:14 IST" time="19.241" errors="0">
  <testcase name="verifyLoadingFlightsPage" time="19.241" classname="com.sampleProject.Scripts.FlightTest"/>
  <system-out/>
</testsuite> <!-- com.sampleProject.Scripts.FlightTest -->
