<?xml version="1.0" encoding="UTF-8"?>
<!-- Generated by org.testng.reporters.JUnitReportReporter -->
<testsuite skipped="0" hostname="DESKTOP-VG7FOF4" name="com.sampleProject.Base.TestBase" tests="1" failures="0" timestamp="2023-03-07T07:53:24 IST" time="9.002" errors="0">
  <testcase name="testBase" time="9.002" classname="com.sampleProject.Base.TestBase"/>
  <system-out/>
</testsuite> <!-- com.sampleProject.Base.TestBase -->
