<?xml version="1.0" encoding="UTF-8"?>
<!-- Generated by org.testng.reporters.JUnitReportReporter -->
<testsuite skipped="3" hostname="DESKTOP-VG7FOF4" name="com.sampleProject.Scripts.LoginTest" tests="5" failures="0" timestamp="2023-03-14T07:01:43 IST" time="11.113" errors="0">
  <testcase name="testBase" time="1.839" classname="com.sampleProject.Scripts.LoginTest"/>
  <system-out/>
  <testcase name="verifyLoginInvalidUserInvalidPassword" time="9.274" classname="com.sampleProject.Scripts.LoginTest"/>
  <system-out/>
  <testcase name="verifyLoginInvalidUserValidPassword" classname="com.sampleProject.Scripts.LoginTest">
    <skipped/>
  </testcase> <!-- verifyLoginInvalidUserValidPassword -->
  <system-out/>
  <testcase name="verifyLoginValidUserInvalidPassword" classname="com.sampleProject.Scripts.LoginTest">
    <skipped/>
  </testcase> <!-- verifyLoginValidUserInvalidPassword -->
  <system-out/>
  <testcase name="verifyLoginValidUserValidPassword" classname="com.sampleProject.Scripts.LoginTest">
    <skipped/>
  </testcase> <!-- verifyLoginValidUserValidPassword -->
  <system-out/>
</testsuite> <!-- com.sampleProject.Scripts.LoginTest -->
