<?xml version="1.0" encoding="UTF-8"?>
<!-- Generated by org.testng.reporters.JUnitReportReporter -->
<testsuite skipped="0" hostname="DESKTOP-VG7FOF4" name="com.sampleProject.Scripts.RegisterTest" tests="3" failures="0" timestamp="2023-03-14T07:01:43 IST" time="7.823" errors="0">
  <testcase name="testBase" time="0.607" classname="com.sampleProject.Scripts.RegisterTest"/>
  <system-out/>
  <testcase name="verifyLoadingRegisterPage" time="2.698" classname="com.sampleProject.Scripts.RegisterTest"/>
  <system-out/>
  <testcase name="fillingTheFields" time="4.518" classname="com.sampleProject.Scripts.RegisterTest"/>
  <system-out/>
</testsuite> <!-- com.sampleProject.Scripts.RegisterTest -->
