<?xml version="1.0" encoding="UTF-8"?>
<!-- Generated by org.testng.reporters.JUnitReportReporter -->
<testsuite hostname="DESKTOP-VG7FOF4" failures="0" tests="10" name="com.sampleProject.Scripts.LoginTest" time="16.865" errors="0" timestamp="2023-03-18T15:36:52 IST" skipped="6">
  <testcase classname="com.sampleProject.Scripts.LoginTest" name="testBase" time="2.589"/>
  <system-out/>
  <testcase classname="com.sampleProject.Scripts.LoginTest" name="testBase" time="0.123"/>
  <system-out/>
  <testcase classname="com.sampleProject.Scripts.LoginTest" name="verifyLoginValidUserValidPassword" time="7.464"/>
  <system-out/>
  <testcase classname="com.sampleProject.Scripts.LoginTest" name="verifyLoginValidUserValidPassword" time="6.689"/>
  <system-out/>
  <testcase classname="com.sampleProject.Scripts.LoginTest" name="verifyLoginInvalidUserValidPassword">
    <skipped/>
  </testcase> <!-- verifyLoginInvalidUserValidPassword -->
  <system-out/>
  <testcase classname="com.sampleProject.Scripts.LoginTest" name="verifyLoginInvalidUserValidPassword">
    <skipped/>
  </testcase> <!-- verifyLoginInvalidUserValidPassword -->
  <system-out/>
  <testcase classname="com.sampleProject.Scripts.LoginTest" name="verifyLoginInvalidUserInvalidPassword">
    <skipped/>
  </testcase> <!-- verifyLoginInvalidUserInvalidPassword -->
  <system-out/>
  <testcase classname="com.sampleProject.Scripts.LoginTest" name="verifyLoginInvalidUserInvalidPassword">
    <skipped/>
  </testcase> <!-- verifyLoginInvalidUserInvalidPassword -->
  <system-out/>
  <testcase classname="com.sampleProject.Scripts.LoginTest" name="verifyLoginValidUserInvalidPassword">
    <skipped/>
  </testcase> <!-- verifyLoginValidUserInvalidPassword -->
  <system-out/>
  <testcase classname="com.sampleProject.Scripts.LoginTest" name="verifyLoginValidUserInvalidPassword">
    <skipped/>
  </testcase> <!-- verifyLoginValidUserInvalidPassword -->
  <system-out/>
</testsuite> <!-- com.sampleProject.Scripts.LoginTest -->
