<?xml version="1.0" encoding="UTF-8"?>
<!-- Generated by org.testng.reporters.JUnitReportReporter -->
<testsuite hostname="DESKTOP-VG7FOF4" failures="0" tests="10" name="com.sampleProject.Scripts.LoginTest" time="19.736" errors="0" timestamp="2023-03-18T15:11:59 IST" skipped="6">
  <testcase classname="com.sampleProject.Scripts.LoginTest" name="testBase" time="0.586"/>
  <system-out/>
  <testcase classname="com.sampleProject.Scripts.LoginTest" name="testBase" time="0.420"/>
  <system-out/>
  <testcase classname="com.sampleProject.Scripts.LoginTest" name="verifyLoginInvalidUserInvalidPassword" time="12.455"/>
  <system-out/>
  <testcase classname="com.sampleProject.Scripts.LoginTest" name="verifyLoginInvalidUserInvalidPassword" time="6.275"/>
  <system-out/>
  <testcase classname="com.sampleProject.Scripts.LoginTest" name="verifyLoginInvalidUserValidPassword">
    <skipped/>
  </testcase> <!-- verifyLoginInvalidUserValidPassword -->
  <system-out/>
  <testcase classname="com.sampleProject.Scripts.LoginTest" name="verifyLoginInvalidUserValidPassword">
    <skipped/>
  </testcase> <!-- verifyLoginInvalidUserValidPassword -->
  <system-out/>
  <testcase classname="com.sampleProject.Scripts.LoginTest" name="verifyLoginValidUserInvalidPassword">
    <skipped/>
  </testcase> <!-- verifyLoginValidUserInvalidPassword -->
  <system-out/>
  <testcase classname="com.sampleProject.Scripts.LoginTest" name="verifyLoginValidUserInvalidPassword">
    <skipped/>
  </testcase> <!-- verifyLoginValidUserInvalidPassword -->
  <system-out/>
  <testcase classname="com.sampleProject.Scripts.LoginTest" name="verifyLoginValidUserValidPassword">
    <skipped/>
  </testcase> <!-- verifyLoginValidUserValidPassword -->
  <system-out/>
  <testcase classname="com.sampleProject.Scripts.LoginTest" name="verifyLoginValidUserValidPassword">
    <skipped/>
  </testcase> <!-- verifyLoginValidUserValidPassword -->
  <system-out/>
</testsuite> <!-- com.sampleProject.Scripts.LoginTest -->
