<?xml version="1.0" encoding="UTF-8"?>
<!-- Generated by org.testng.reporters.JUnitReportReporter -->
<testsuite skipped="6" hostname="DESKTOP-VG7FOF4" name="com.sampleProject.Scripts.LoginTest" tests="10" failures="0" timestamp="2023-03-16T17:54:45 IST" time="33.455" errors="0">
  <testcase name="testBase" time="0.679" classname="com.sampleProject.Scripts.LoginTest"/>
  <system-out/>
  <testcase name="testBase" time="0.597" classname="com.sampleProject.Scripts.LoginTest"/>
  <system-out/>
  <testcase name="verifyLoginInvalidUserInvalidPassword" time="19.456" classname="com.sampleProject.Scripts.LoginTest"/>
  <system-out/>
  <testcase name="verifyLoginInvalidUserInvalidPassword" time="12.723" classname="com.sampleProject.Scripts.LoginTest"/>
  <system-out/>
  <testcase name="verifyLoginInvalidUserValidPassword" classname="com.sampleProject.Scripts.LoginTest">
    <skipped/>
  </testcase> <!-- verifyLoginInvalidUserValidPassword -->
  <system-out/>
  <testcase name="verifyLoginInvalidUserValidPassword" classname="com.sampleProject.Scripts.LoginTest">
    <skipped/>
  </testcase> <!-- verifyLoginInvalidUserValidPassword -->
  <system-out/>
  <testcase name="verifyLoginValidUserInvalidPassword" classname="com.sampleProject.Scripts.LoginTest">
    <skipped/>
  </testcase> <!-- verifyLoginValidUserInvalidPassword -->
  <system-out/>
  <testcase name="verifyLoginValidUserInvalidPassword" classname="com.sampleProject.Scripts.LoginTest">
    <skipped/>
  </testcase> <!-- verifyLoginValidUserInvalidPassword -->
  <system-out/>
  <testcase name="verifyLoginValidUserValidPassword" classname="com.sampleProject.Scripts.LoginTest">
    <skipped/>
  </testcase> <!-- verifyLoginValidUserValidPassword -->
  <system-out/>
  <testcase name="verifyLoginValidUserValidPassword" classname="com.sampleProject.Scripts.LoginTest">
    <skipped/>
  </testcase> <!-- verifyLoginValidUserValidPassword -->
  <system-out/>
</testsuite> <!-- com.sampleProject.Scripts.LoginTest -->
